{"level":"info","msg":"Start web server: 127.0.0.1:8181","time":"2020-03-13T23:35:22+03:00"}
{"level":"info","msg":"127.0.0.1:57621 GET /","time":"2020-03-13T23:35:30+03:00"}
{"level":"info","msg":"127.0.0.1:57621 GET /favicon.ico","time":"2020-03-13T23:35:31+03:00"}
{"level":"info","msg":"127.0.0.1:57621 GET /hello","time":"2020-03-13T23:35:32+03:00"}
{"level":"info","msg":"Exit service.","time":"2020-03-13T23:35:50+03:00"}
{"level":"info","msg":"Start web server: 127.0.0.1:8181","time":"2020-03-13T23:37:34+03:00"}
{"level":"info","msg":"Exit service.","time":"2020-03-13T23:37:35+03:00"}
{"level":"info","msg":"Start web server: 127.0.0.1:8181","time":"2020-03-22T16:23:44+03:00"}
{"level":"info","msg":"127.0.0.1:54606 GET /","time":"2020-03-22T16:24:08+03:00"}
{"level":"info","msg":"127.0.0.1:54606 GET /favicon.ico","time":"2020-03-22T16:24:09+03:00"}
{"level":"info","msg":"127.0.0.1:54606 GET /about","time":"2020-03-22T16:24:12+03:00"}
{"level":"info","msg":"Got signal from OS: interrupt. Exit.","time":"2020-03-22T16:24:19+03:00"}
{"level":"info","msg":"Got signal: interrupt. Exit.","time":"2020-03-22T16:24:22+03:00"}
{"level":"info","msg":"Start web server: 127.0.0.1:8181","time":"2020-03-22T16:26:45+03:00"}
{"level":"info","msg":"Got signal from OS: interrupt. Exit.","time":"2020-03-22T16:26:49+03:00"}
{"level":"info","msg":"Got signal: interrupt. Exit.","time":"2020-03-22T16:26:51+03:00"}
{"level":"info","msg":"Start web server: 127.0.0.1:8181","time":"2020-03-22T16:30:48+03:00"}
{"level":"info","msg":"Got signal from OS: interrupt. Exit.","time":"2020-03-22T16:31:07+03:00"}
{"level":"info","msg":"Got signal: interrupt. Exit.","time":"2020-03-22T16:31:09+03:00"}
{"level":"info","msg":"Start web server: 127.0.0.1:8181","time":"2020-03-22T16:31:14+03:00"}
{"level":"info","msg":"Start web server: 127.0.0.1:8181","time":"2020-03-22T16:34:04+03:00"}
{"level":"info","msg":"Got signal from OS: interrupt. Exit.","time":"2020-03-22T16:35:01+03:00"}
{"level":"info","msg":"Got signal: interrupt. Exit.","time":"2020-03-22T16:35:04+03:00"}
{"level":"info","msg":"Start web server: 127.0.0.1:8181","time":"2020-03-22T16:35:08+03:00"}
{"level":"info","msg":"Got signal from OS: interrupt. Exit.","time":"2020-03-22T16:36:07+03:00"}
{"level":"info","msg":"Got signal: interrupt. Exit.","time":"2020-03-22T16:36:08+03:00"}
{"level":"info","msg":"Start web server: 127.0.0.1:8181","time":"2020-03-22T16:36:13+03:00"}
{"level":"info","msg":"Got signal from OS: interrupt. Exit.","time":"2020-03-22T16:38:25+03:00"}
{"level":"info","msg":"Got signal: interrupt. Exit.","time":"2020-03-22T16:38:27+03:00"}
{"level":"info","msg":"Start web server: 127.0.0.1:8181","time":"2020-03-22T16:38:32+03:00"}
{"level":"info","msg":"Got signal from OS: interrupt. Exit.","time":"2020-03-22T16:38:42+03:00"}
{"level":"info","msg":"Got signal: interrupt. Exit.","time":"2020-03-22T16:38:43+03:00"}
{"level":"info","msg":"Start web server: 127.0.0.1:8181","time":"2020-03-22T16:39:13+03:00"}
{"level":"info","msg":"Got signal from OS: interrupt. Exit.","time":"2020-03-22T16:43:21+03:00"}
{"level":"info","msg":"Got signal: interrupt. Exit.","time":"2020-03-22T16:43:23+03:00"}
{"level":"info","msg":"Start web server: 127.0.0.1:8181","time":"2020-03-22T16:48:48+03:00"}
{"level":"info","msg":"Got signal from OS: interrupt. Exit.","time":"2020-03-22T16:49:02+03:00"}
{"level":"info","msg":"Got signal: interrupt. Exit.","time":"2020-03-22T16:49:03+03:00"}
{"level":"info","msg":"Start web server: 127.0.0.1:8181","time":"2020-03-22T16:50:09+03:00"}
{"level":"info","msg":"Got signal from OS: interrupt. Exit.","time":"2020-03-22T16:50:59+03:00"}
{"level":"info","msg":"Got signal: interrupt. Exit.","time":"2020-03-22T16:51:01+03:00"}
{"level":"info","msg":"Start web server: 127.0.0.1:8181","time":"2020-03-22T16:51:05+03:00"}
{"level":"info","msg":"Got signal from OS: interrupt. Exit.","time":"2020-03-22T16:51:29+03:00"}
{"level":"info","msg":"Got signal: interrupt. Exit.","time":"2020-03-22T16:51:31+03:00"}
{"level":"info","msg":"Start web server: 127.0.0.1:8181","time":"2020-03-22T16:51:40+03:00"}
{"level":"info","msg":"Got signal from OS: interrupt. Exit.","time":"2020-03-22T16:52:06+03:00"}
{"level":"info","msg":"Got signal: interrupt. Exit.","time":"2020-03-22T16:52:07+03:00"}
{"level":"info","msg":"Start web server: 127.0.0.1:8181","time":"2020-03-22T16:52:22+03:00"}
{"level":"info","msg":"Got signal from OS: interrupt. Exit.","time":"2020-03-22T16:54:18+03:00"}
{"level":"info","msg":"Got signal: interrupt. Exit.","time":"2020-03-22T16:54:20+03:00"}
{"level":"info","msg":"Start web server: 127.0.0.1:8181","time":"2020-03-22T16:54:23+03:00"}
{"level":"info","msg":"Got signal from OS: interrupt. Exit.","time":"2020-03-22T16:55:10+03:00"}
{"level":"info","msg":"Got signal: interrupt. Exit.","time":"2020-03-22T16:55:12+03:00"}
{"level":"info","msg":"Start web server: 127.0.0.1:8181","time":"2020-03-22T16:55:21+03:00"}
{"level":"info","msg":"Got signal from OS: interrupt. Exit.","time":"2020-03-22T16:57:46+03:00"}
{"level":"info","msg":"Got signal: interrupt. Exit.","time":"2020-03-22T16:57:47+03:00"}
{"level":"info","msg":"Start web server: 127.0.0.1:8181","time":"2020-03-22T16:57:51+03:00"}
{"level":"info","msg":"Got signal from OS: interrupt. Exit.","time":"2020-03-22T16:58:33+03:00"}
{"level":"info","msg":"Got signal: interrupt. Exit.","time":"2020-03-22T16:58:34+03:00"}
{"level":"info","msg":"Start web server: 127.0.0.1:8181","time":"2020-03-22T16:58:39+03:00"}
{"level":"info","msg":"Got signal from OS: interrupt. Exit.","time":"2020-03-22T17:01:52+03:00"}
{"level":"info","msg":"Got signal: interrupt. Exit.","time":"2020-03-22T17:01:53+03:00"}
{"level":"info","msg":"Start web server: 127.0.0.1:8181","time":"2020-03-22T17:02:49+03:00"}
{"level":"info","msg":"Got signal from OS: interrupt. Exit.","time":"2020-03-22T17:03:35+03:00"}
{"level":"info","msg":"Got signal: interrupt. Exit.","time":"2020-03-22T17:03:36+03:00"}
{"level":"info","msg":"Start web server: 127.0.0.1:8181","time":"2020-03-22T17:03:40+03:00"}
{"level":"info","msg":"Got signal from OS: interrupt. Exit.","time":"2020-03-22T17:04:15+03:00"}
{"level":"info","msg":"Got signal: interrupt. Exit.","time":"2020-03-22T17:04:16+03:00"}
{"level":"info","msg":"Start web server: 127.0.0.1:8181","time":"2020-03-22T17:04:20+03:00"}
{"level":"info","msg":"Got signal from OS: interrupt. Exit.","time":"2020-03-22T17:05:32+03:00"}
{"level":"info","msg":"Got signal: interrupt. Exit.","time":"2020-03-22T17:05:33+03:00"}
{"level":"info","msg":"Start web server: 127.0.0.1:8181","time":"2020-03-22T17:05:37+03:00"}
{"level":"info","msg":"Got signal from OS: interrupt. Exit.","time":"2020-03-22T17:06:48+03:00"}
{"level":"info","msg":"Got signal: interrupt. Exit.","time":"2020-03-22T17:06:49+03:00"}
{"level":"info","msg":"Start web server: 127.0.0.1:8181","time":"2020-03-22T17:06:52+03:00"}
{"level":"info","msg":"Got signal from OS: interrupt. Exit.","time":"2020-03-22T17:07:50+03:00"}
{"level":"info","msg":"Got signal: interrupt. Exit.","time":"2020-03-22T17:07:51+03:00"}
{"level":"info","msg":"Start web server: 127.0.0.1:8181","time":"2020-03-22T17:07:55+03:00"}
{"level":"info","msg":"Got signal from OS: interrupt. Exit.","time":"2020-03-22T17:08:09+03:00"}
{"level":"info","msg":"Got signal: interrupt. Exit.","time":"2020-03-22T17:08:10+03:00"}
{"level":"info","msg":"Start web server: 127.0.0.1:8181","time":"2020-03-22T17:08:17+03:00"}
{"level":"info","msg":"Got signal from OS: interrupt. Exit.","time":"2020-03-22T17:08:51+03:00"}
{"level":"info","msg":"Got signal: interrupt. Exit.","time":"2020-03-22T17:08:52+03:00"}
{"level":"info","msg":"Start web server: 127.0.0.1:8181","time":"2020-03-22T17:08:57+03:00"}
{"level":"info","msg":"Got signal from OS: interrupt. Exit.","time":"2020-03-22T17:09:07+03:00"}
{"level":"info","msg":"Got signal: interrupt. Exit.","time":"2020-03-22T17:09:08+03:00"}
{"level":"info","msg":"Start web server: 127.0.0.1:8181","time":"2020-03-22T17:09:53+03:00"}
{"level":"info","msg":"Got signal from OS: interrupt. Exit.","time":"2020-03-22T17:11:01+03:00"}
{"level":"info","msg":"Got signal: interrupt. Exit.","time":"2020-03-22T17:11:02+03:00"}
{"level":"info","msg":"Start web server: 127.0.0.1:8181","time":"2020-03-22T17:11:06+03:00"}
{"level":"info","msg":"Got signal from OS: interrupt. Exit.","time":"2020-03-22T17:11:50+03:00"}
{"level":"info","msg":"Got signal: interrupt. Exit.","time":"2020-03-22T17:11:51+03:00"}
{"level":"info","msg":"Start web server: 127.0.0.1:8181","time":"2020-03-22T17:12:06+03:00"}
{"level":"info","msg":"Got signal from OS: interrupt. Exit.","time":"2020-03-22T17:12:15+03:00"}
{"level":"info","msg":"Got signal: interrupt. Exit.","time":"2020-03-22T17:12:16+03:00"}
{"level":"info","msg":"Start web server: 127.0.0.1:8181","time":"2020-03-22T17:12:20+03:00"}
{"level":"info","msg":"Got signal from OS: interrupt. Exit.","time":"2020-03-22T17:12:52+03:00"}
{"level":"info","msg":"Got signal: interrupt. Exit.","time":"2020-03-22T17:12:53+03:00"}
{"level":"info","msg":"Start web server: 127.0.0.1:8181","time":"2020-03-22T17:12:57+03:00"}
{"level":"info","msg":"Got signal from OS: interrupt. Exit.","time":"2020-03-22T17:13:20+03:00"}
{"level":"info","msg":"Got signal: interrupt. Exit.","time":"2020-03-22T17:13:20+03:00"}
{"level":"info","msg":"Start web server: 127.0.0.1:8181","time":"2020-03-22T17:13:25+03:00"}
{"level":"info","msg":"Got signal from OS: interrupt. Exit.","time":"2020-03-22T17:16:21+03:00"}
{"level":"info","msg":"Got signal: interrupt. Exit.","time":"2020-03-22T17:16:22+03:00"}
{"level":"info","msg":"Start GRPC server:127.0.0.1:5051","time":"2020-03-22T18:28:32+03:00"}
{"level":"info","msg":"Start web server: 127.0.0.1:8181","time":"2020-03-22T18:28:32+03:00"}
{"level":"info","msg":"Got signal: interrupt. Exit.","time":"2020-03-22T18:29:04+03:00"}
{"level":"info","msg":"grps server shutdown ...","time":"2020-03-22T18:29:04+03:00"}
{"level":"info","msg":"Start GRPC server:127.0.0.1:5051","time":"2020-03-22T19:45:46+03:00"}
{"level":"info","msg":"Start web server: 127.0.0.1:8181","time":"2020-03-22T19:45:46+03:00"}
{"level":"info","msg":"Got signal: interrupt. Exit.","time":"2020-03-22T19:45:55+03:00"}
{"level":"info","msg":"grps server shutdown ...","time":"2020-03-22T19:45:55+03:00"}
{"level":"info","msg":"Start GRPC server:127.0.0.1:5051","time":"2020-03-22T19:52:32+03:00"}
{"level":"info","msg":"Start web server: 127.0.0.1:8181","time":"2020-03-22T19:52:32+03:00"}
{"level":"debug","msg":"gRPC event AddEvent(): startTime:\u003cseconds:1577876400 \u003e endTime:\u003cseconds:1577880000 \u003e title:\"Event \\000\" note:\"This envets\\000 start:2020-01-01T11:00:00Z finish:2020-01-01T12:00:00Z\" ","time":"2020-03-22T19:52:40+03:00"}
{"level":"debug","msg":"Try add to storage, Event:{0 2020-01-01 11:00:00 +0000 UTC 2020-01-01 12:00:00 +0000 UTC 0 0 Event \u0000 This envets\u0000 start:2020-01-01T11:00:00Z finish:2020-01-01T12:00:00Z}","time":"2020-03-22T19:52:40+03:00"}
{"level":"info","msg":"Success add to storage, Event:{0 2020-01-01 11:00:00 +0000 UTC 2020-01-01 12:00:00 +0000 UTC 0 0 Event \u0000 This envets\u0000 start:2020-01-01T11:00:00Z finish:2020-01-01T12:00:00Z}","time":"2020-03-22T19:52:40+03:00"}
{"level":"debug","msg":"gRPC event AddEvent(): startTime:\u003cseconds:1577876400 \u003e endTime:\u003cseconds:1577880000 \u003e title:\"Event \\001\" note:\"This envets\\001 start:2020-01-01T11:00:00Z finish:2020-01-01T12:00:00Z\" ","time":"2020-03-22T19:52:40+03:00"}
{"level":"debug","msg":"Try add to storage, Event:{0 2020-01-01 11:00:00 +0000 UTC 2020-01-01 12:00:00 +0000 UTC 0 0 Event \u0001 This envets\u0001 start:2020-01-01T11:00:00Z finish:2020-01-01T12:00:00Z}","time":"2020-03-22T19:52:40+03:00"}
{"level":"info","msg":"Success add to storage, Event:{0 2020-01-01 11:00:00 +0000 UTC 2020-01-01 12:00:00 +0000 UTC 0 0 Event \u0001 This envets\u0001 start:2020-01-01T11:00:00Z finish:2020-01-01T12:00:00Z}","time":"2020-03-22T19:52:40+03:00"}
{"level":"debug","msg":"gRPC event AddEvent(): startTime:\u003cseconds:1577876400 \u003e endTime:\u003cseconds:1577880000 \u003e title:\"Event \\002\" note:\"This envets\\002 start:2020-01-01T11:00:00Z finish:2020-01-01T12:00:00Z\" ","time":"2020-03-22T19:52:40+03:00"}
{"level":"debug","msg":"Try add to storage, Event:{0 2020-01-01 11:00:00 +0000 UTC 2020-01-01 12:00:00 +0000 UTC 0 0 Event \u0002 This envets\u0002 start:2020-01-01T11:00:00Z finish:2020-01-01T12:00:00Z}","time":"2020-03-22T19:52:40+03:00"}
{"level":"info","msg":"Success add to storage, Event:{0 2020-01-01 11:00:00 +0000 UTC 2020-01-01 12:00:00 +0000 UTC 0 0 Event \u0002 This envets\u0002 start:2020-01-01T11:00:00Z finish:2020-01-01T12:00:00Z}","time":"2020-03-22T19:52:40+03:00"}
{"level":"debug","msg":"gRPC event AddEvent(): startTime:\u003cseconds:1577876400 \u003e endTime:\u003cseconds:1577880000 \u003e title:\"Event \\003\" note:\"This envets\\003 start:2020-01-01T11:00:00Z finish:2020-01-01T12:00:00Z\" ","time":"2020-03-22T19:52:40+03:00"}
{"level":"debug","msg":"Try add to storage, Event:{0 2020-01-01 11:00:00 +0000 UTC 2020-01-01 12:00:00 +0000 UTC 0 0 Event \u0003 This envets\u0003 start:2020-01-01T11:00:00Z finish:2020-01-01T12:00:00Z}","time":"2020-03-22T19:52:40+03:00"}
{"level":"info","msg":"Success add to storage, Event:{0 2020-01-01 11:00:00 +0000 UTC 2020-01-01 12:00:00 +0000 UTC 0 0 Event \u0003 This envets\u0003 start:2020-01-01T11:00:00Z finish:2020-01-01T12:00:00Z}","time":"2020-03-22T19:52:40+03:00"}
{"level":"debug","msg":"gRPC event AddEvent(): startTime:\u003cseconds:1577876400 \u003e endTime:\u003cseconds:1577880000 \u003e title:\"Event \\004\" note:\"This envets\\004 start:2020-01-01T11:00:00Z finish:2020-01-01T12:00:00Z\" ","time":"2020-03-22T19:52:40+03:00"}
{"level":"debug","msg":"Try add to storage, Event:{0 2020-01-01 11:00:00 +0000 UTC 2020-01-01 12:00:00 +0000 UTC 0 0 Event \u0004 This envets\u0004 start:2020-01-01T11:00:00Z finish:2020-01-01T12:00:00Z}","time":"2020-03-22T19:52:40+03:00"}
{"level":"info","msg":"Success add to storage, Event:{0 2020-01-01 11:00:00 +0000 UTC 2020-01-01 12:00:00 +0000 UTC 0 0 Event \u0004 This envets\u0004 start:2020-01-01T11:00:00Z finish:2020-01-01T12:00:00Z}","time":"2020-03-22T19:52:40+03:00"}
{"level":"debug","msg":"gRPC event AddEvent(): startTime:\u003cseconds:1577876400 \u003e endTime:\u003cseconds:1577880000 \u003e title:\"Event \\005\" note:\"This envets\\005 start:2020-01-01T11:00:00Z finish:2020-01-01T12:00:00Z\" ","time":"2020-03-22T19:52:40+03:00"}
{"level":"debug","msg":"Try add to storage, Event:{0 2020-01-01 11:00:00 +0000 UTC 2020-01-01 12:00:00 +0000 UTC 0 0 Event \u0005 This envets\u0005 start:2020-01-01T11:00:00Z finish:2020-01-01T12:00:00Z}","time":"2020-03-22T19:52:40+03:00"}
{"level":"info","msg":"Success add to storage, Event:{0 2020-01-01 11:00:00 +0000 UTC 2020-01-01 12:00:00 +0000 UTC 0 0 Event \u0005 This envets\u0005 start:2020-01-01T11:00:00Z finish:2020-01-01T12:00:00Z}","time":"2020-03-22T19:52:40+03:00"}
{"level":"debug","msg":"gRPC event AddEvent(): startTime:\u003cseconds:1577876400 \u003e endTime:\u003cseconds:1577880000 \u003e title:\"Event \\006\" note:\"This envets\\006 start:2020-01-01T11:00:00Z finish:2020-01-01T12:00:00Z\" ","time":"2020-03-22T19:52:40+03:00"}
{"level":"debug","msg":"Try add to storage, Event:{0 2020-01-01 11:00:00 +0000 UTC 2020-01-01 12:00:00 +0000 UTC 0 0 Event \u0006 This envets\u0006 start:2020-01-01T11:00:00Z finish:2020-01-01T12:00:00Z}","time":"2020-03-22T19:52:40+03:00"}
{"level":"info","msg":"Success add to storage, Event:{0 2020-01-01 11:00:00 +0000 UTC 2020-01-01 12:00:00 +0000 UTC 0 0 Event \u0006 This envets\u0006 start:2020-01-01T11:00:00Z finish:2020-01-01T12:00:00Z}","time":"2020-03-22T19:52:40+03:00"}
{"level":"debug","msg":"gRPC event AddEvent(): startTime:\u003cseconds:1577876400 \u003e endTime:\u003cseconds:1577880000 \u003e title:\"Event \\007\" note:\"This envets\\007 start:2020-01-01T11:00:00Z finish:2020-01-01T12:00:00Z\" ","time":"2020-03-22T19:52:40+03:00"}
{"level":"debug","msg":"Try add to storage, Event:{0 2020-01-01 11:00:00 +0000 UTC 2020-01-01 12:00:00 +0000 UTC 0 0 Event \u0007 This envets\u0007 start:2020-01-01T11:00:00Z finish:2020-01-01T12:00:00Z}","time":"2020-03-22T19:52:40+03:00"}
{"level":"info","msg":"Success add to storage, Event:{0 2020-01-01 11:00:00 +0000 UTC 2020-01-01 12:00:00 +0000 UTC 0 0 Event \u0007 This envets\u0007 start:2020-01-01T11:00:00Z finish:2020-01-01T12:00:00Z}","time":"2020-03-22T19:52:40+03:00"}
{"level":"debug","msg":"gRPC event AddEvent(): startTime:\u003cseconds:1577876400 \u003e endTime:\u003cseconds:1577880000 \u003e title:\"Event \\010\" note:\"This envets\\010 start:2020-01-01T11:00:00Z finish:2020-01-01T12:00:00Z\" ","time":"2020-03-22T19:52:40+03:00"}
{"level":"debug","msg":"Try add to storage, Event:{0 2020-01-01 11:00:00 +0000 UTC 2020-01-01 12:00:00 +0000 UTC 0 0 Event \u0008 This envets\u0008 start:2020-01-01T11:00:00Z finish:2020-01-01T12:00:00Z}","time":"2020-03-22T19:52:40+03:00"}
{"level":"info","msg":"Success add to storage, Event:{0 2020-01-01 11:00:00 +0000 UTC 2020-01-01 12:00:00 +0000 UTC 0 0 Event \u0008 This envets\u0008 start:2020-01-01T11:00:00Z finish:2020-01-01T12:00:00Z}","time":"2020-03-22T19:52:40+03:00"}
{"level":"debug","msg":"gRPC event AddEvent(): startTime:\u003cseconds:1577876400 \u003e endTime:\u003cseconds:1577880000 \u003e title:\"Event \\t\" note:\"This envets\\t start:2020-01-01T11:00:00Z finish:2020-01-01T12:00:00Z\" ","time":"2020-03-22T19:52:40+03:00"}
{"level":"debug","msg":"Try add to storage, Event:{0 2020-01-01 11:00:00 +0000 UTC 2020-01-01 12:00:00 +0000 UTC 0 0 Event \t This envets\t start:2020-01-01T11:00:00Z finish:2020-01-01T12:00:00Z}","time":"2020-03-22T19:52:40+03:00"}
{"level":"info","msg":"Success add to storage, Event:{0 2020-01-01 11:00:00 +0000 UTC 2020-01-01 12:00:00 +0000 UTC 0 0 Event \t This envets\t start:2020-01-01T11:00:00Z finish:2020-01-01T12:00:00Z}","time":"2020-03-22T19:52:40+03:00"}
{"level":"debug","msg":"gRPC event GetAllEvents()","time":"2020-03-22T19:52:40+03:00"}
{"level":"debug","msg":"Try get all Events form storage","time":"2020-03-22T19:52:40+03:00"}
{"level":"info","msg":"Success get from storage Events30","time":"2020-03-22T19:52:40+03:00"}
{"level":"debug","msg":"gRPC  event CountRecord()","time":"2020-03-22T19:52:40+03:00"}
{"level":"info","msg":"Count events = 30","time":"2020-03-22T19:52:40+03:00"}
{"level":"debug","msg":"gRPC  event DeleteEvent() id:id:14 ","time":"2020-03-22T19:52:40+03:00"}
{"level":"debug","msg":"Try del form storage Event, with Id:14","time":"2020-03-22T19:52:40+03:00"}
{"level":"info","msg":"Success del from storage Event, with Id:14","time":"2020-03-22T19:52:40+03:00"}
{"level":"debug","msg":"gRPC  event DeleteEvent() id:id:19 ","time":"2020-03-22T19:52:40+03:00"}
{"level":"debug","msg":"Try del form storage Event, with Id:19","time":"2020-03-22T19:52:40+03:00"}
{"level":"info","msg":"Success del from storage Event, with Id:19","time":"2020-03-22T19:52:40+03:00"}
{"level":"debug","msg":"gRPC  event DeleteEvent() id:id:27 ","time":"2020-03-22T19:52:40+03:00"}
{"level":"debug","msg":"Try del form storage Event, with Id:27","time":"2020-03-22T19:52:40+03:00"}
{"level":"info","msg":"Success del from storage Event, with Id:27","time":"2020-03-22T19:52:40+03:00"}
{"level":"debug","msg":"gRPC  event DeleteEvent() id:id:13 ","time":"2020-03-22T19:52:40+03:00"}
{"level":"debug","msg":"Try del form storage Event, with Id:13","time":"2020-03-22T19:52:40+03:00"}
{"level":"info","msg":"Success del from storage Event, with Id:13","time":"2020-03-22T19:52:40+03:00"}
{"level":"debug","msg":"gRPC  event DeleteEvent() id:id:1 ","time":"2020-03-22T19:52:40+03:00"}
{"level":"debug","msg":"Try del form storage Event, with Id:1","time":"2020-03-22T19:52:40+03:00"}
{"level":"info","msg":"Success del from storage Event, with Id:1","time":"2020-03-22T19:52:40+03:00"}
{"level":"debug","msg":"gRPC  event DeleteEvent() id:id:10 ","time":"2020-03-22T19:52:40+03:00"}
{"level":"debug","msg":"Try del form storage Event, with Id:10","time":"2020-03-22T19:52:40+03:00"}
{"level":"info","msg":"Success del from storage Event, with Id:10","time":"2020-03-22T19:52:40+03:00"}
{"level":"debug","msg":"gRPC  event DeleteEvent() id:id:4 ","time":"2020-03-22T19:52:40+03:00"}
{"level":"debug","msg":"Try del form storage Event, with Id:4","time":"2020-03-22T19:52:40+03:00"}
{"level":"info","msg":"Success del from storage Event, with Id:4","time":"2020-03-22T19:52:40+03:00"}
{"level":"debug","msg":"gRPC  event DeleteEvent() id:id:20 ","time":"2020-03-22T19:52:40+03:00"}
{"level":"debug","msg":"Try del form storage Event, with Id:20","time":"2020-03-22T19:52:40+03:00"}
{"level":"info","msg":"Success del from storage Event, with Id:20","time":"2020-03-22T19:52:40+03:00"}
{"level":"debug","msg":"gRPC  event DeleteEvent() id:id:5 ","time":"2020-03-22T19:52:40+03:00"}
{"level":"debug","msg":"Try del form storage Event, with Id:5","time":"2020-03-22T19:52:40+03:00"}
{"level":"info","msg":"Success del from storage Event, with Id:5","time":"2020-03-22T19:52:40+03:00"}
{"level":"debug","msg":"gRPC  event DeleteEvent() id:id:8 ","time":"2020-03-22T19:52:40+03:00"}
{"level":"debug","msg":"Try del form storage Event, with Id:8","time":"2020-03-22T19:52:40+03:00"}
{"level":"info","msg":"Success del from storage Event, with Id:8","time":"2020-03-22T19:52:40+03:00"}
{"level":"debug","msg":"gRPC  event DeleteEvent() id:","time":"2020-03-22T19:52:40+03:00"}
{"level":"debug","msg":"Try del form storage Event, with Id:0","time":"2020-03-22T19:52:40+03:00"}
{"level":"info","msg":"Success del from storage Event, with Id:0","time":"2020-03-22T19:52:40+03:00"}
{"level":"debug","msg":"gRPC  event DeleteEvent() id:id:7 ","time":"2020-03-22T19:52:40+03:00"}
{"level":"debug","msg":"Try del form storage Event, with Id:7","time":"2020-03-22T19:52:40+03:00"}
{"level":"info","msg":"Success del from storage Event, with Id:7","time":"2020-03-22T19:52:40+03:00"}
{"level":"debug","msg":"gRPC  event DeleteEvent() id:id:11 ","time":"2020-03-22T19:52:40+03:00"}
{"level":"debug","msg":"Try del form storage Event, with Id:11","time":"2020-03-22T19:52:40+03:00"}
{"level":"info","msg":"Success del from storage Event, with Id:11","time":"2020-03-22T19:52:40+03:00"}
{"level":"debug","msg":"gRPC  event DeleteEvent() id:id:22 ","time":"2020-03-22T19:52:40+03:00"}
{"level":"debug","msg":"Try del form storage Event, with Id:22","time":"2020-03-22T19:52:40+03:00"}
{"level":"info","msg":"Success del from storage Event, with Id:22","time":"2020-03-22T19:52:40+03:00"}
{"level":"debug","msg":"gRPC  event DeleteEvent() id:id:3 ","time":"2020-03-22T19:52:40+03:00"}
{"level":"debug","msg":"Try del form storage Event, with Id:3","time":"2020-03-22T19:52:40+03:00"}
{"level":"info","msg":"Success del from storage Event, with Id:3","time":"2020-03-22T19:52:40+03:00"}
{"level":"debug","msg":"gRPC  event DeleteEvent() id:id:9 ","time":"2020-03-22T19:52:40+03:00"}
{"level":"debug","msg":"Try del form storage Event, with Id:9","time":"2020-03-22T19:52:40+03:00"}
{"level":"info","msg":"Success del from storage Event, with Id:9","time":"2020-03-22T19:52:40+03:00"}
{"level":"debug","msg":"gRPC  event DeleteEvent() id:id:12 ","time":"2020-03-22T19:52:40+03:00"}
{"level":"debug","msg":"Try del form storage Event, with Id:12","time":"2020-03-22T19:52:40+03:00"}
{"level":"info","msg":"Success del from storage Event, with Id:12","time":"2020-03-22T19:52:40+03:00"}
{"level":"debug","msg":"gRPC  event DeleteEvent() id:id:18 ","time":"2020-03-22T19:52:40+03:00"}
{"level":"debug","msg":"Try del form storage Event, with Id:18","time":"2020-03-22T19:52:40+03:00"}
{"level":"info","msg":"Success del from storage Event, with Id:18","time":"2020-03-22T19:52:40+03:00"}
{"level":"debug","msg":"gRPC  event DeleteEvent() id:id:16 ","time":"2020-03-22T19:52:40+03:00"}
{"level":"debug","msg":"Try del form storage Event, with Id:16","time":"2020-03-22T19:52:40+03:00"}
{"level":"info","msg":"Success del from storage Event, with Id:16","time":"2020-03-22T19:52:40+03:00"}
{"level":"debug","msg":"gRPC  event DeleteEvent() id:id:17 ","time":"2020-03-22T19:52:40+03:00"}
{"level":"debug","msg":"Try del form storage Event, with Id:17","time":"2020-03-22T19:52:40+03:00"}
{"level":"info","msg":"Success del from storage Event, with Id:17","time":"2020-03-22T19:52:40+03:00"}
{"level":"debug","msg":"gRPC  event DeleteEvent() id:id:15 ","time":"2020-03-22T19:52:40+03:00"}
{"level":"debug","msg":"Try del form storage Event, with Id:15","time":"2020-03-22T19:52:40+03:00"}
{"level":"info","msg":"Success del from storage Event, with Id:15","time":"2020-03-22T19:52:40+03:00"}
{"level":"debug","msg":"gRPC  event DeleteEvent() id:id:21 ","time":"2020-03-22T19:52:40+03:00"}
{"level":"debug","msg":"Try del form storage Event, with Id:21","time":"2020-03-22T19:52:40+03:00"}
{"level":"info","msg":"Success del from storage Event, with Id:21","time":"2020-03-22T19:52:40+03:00"}
{"level":"debug","msg":"gRPC  event DeleteEvent() id:id:2 ","time":"2020-03-22T19:52:40+03:00"}
{"level":"debug","msg":"Try del form storage Event, with Id:2","time":"2020-03-22T19:52:40+03:00"}
{"level":"info","msg":"Success del from storage Event, with Id:2","time":"2020-03-22T19:52:40+03:00"}
{"level":"debug","msg":"gRPC  event DeleteEvent() id:id:26 ","time":"2020-03-22T19:52:40+03:00"}
{"level":"debug","msg":"Try del form storage Event, with Id:26","time":"2020-03-22T19:52:40+03:00"}
{"level":"info","msg":"Success del from storage Event, with Id:26","time":"2020-03-22T19:52:40+03:00"}
{"level":"debug","msg":"gRPC  event DeleteEvent() id:id:29 ","time":"2020-03-22T19:52:40+03:00"}
{"level":"debug","msg":"Try del form storage Event, with Id:29","time":"2020-03-22T19:52:40+03:00"}
{"level":"info","msg":"Success del from storage Event, with Id:29","time":"2020-03-22T19:52:40+03:00"}
{"level":"debug","msg":"gRPC  event DeleteEvent() id:id:23 ","time":"2020-03-22T19:52:40+03:00"}
{"level":"debug","msg":"Try del form storage Event, with Id:23","time":"2020-03-22T19:52:40+03:00"}
{"level":"info","msg":"Success del from storage Event, with Id:23","time":"2020-03-22T19:52:40+03:00"}
{"level":"debug","msg":"gRPC  event DeleteEvent() id:id:24 ","time":"2020-03-22T19:52:40+03:00"}
{"level":"debug","msg":"Try del form storage Event, with Id:24","time":"2020-03-22T19:52:40+03:00"}
{"level":"info","msg":"Success del from storage Event, with Id:24","time":"2020-03-22T19:52:40+03:00"}
{"level":"debug","msg":"gRPC  event DeleteEvent() id:id:25 ","time":"2020-03-22T19:52:40+03:00"}
{"level":"debug","msg":"Try del form storage Event, with Id:25","time":"2020-03-22T19:52:40+03:00"}
{"level":"info","msg":"Success del from storage Event, with Id:25","time":"2020-03-22T19:52:40+03:00"}
{"level":"debug","msg":"gRPC  event DeleteEvent() id:id:28 ","time":"2020-03-22T19:52:40+03:00"}
{"level":"debug","msg":"Try del form storage Event, with Id:28","time":"2020-03-22T19:52:40+03:00"}
{"level":"info","msg":"Success del from storage Event, with Id:28","time":"2020-03-22T19:52:40+03:00"}
{"level":"debug","msg":"gRPC  event DeleteEvent() id:id:6 ","time":"2020-03-22T19:52:40+03:00"}
{"level":"debug","msg":"Try del form storage Event, with Id:6","time":"2020-03-22T19:52:40+03:00"}
{"level":"info","msg":"Success del from storage Event, with Id:6","time":"2020-03-22T19:52:40+03:00"}
{"level":"debug","msg":"gRPC  event CountRecord()","time":"2020-03-22T19:52:40+03:00"}
{"level":"info","msg":"Count events = 0","time":"2020-03-22T19:52:40+03:00"}
{"level":"debug","msg":"gRPC event AddEvent(): startTime:\u003cseconds:1577876400 \u003e endTime:\u003cseconds:1577880000 \u003e title:\"Event \\000\" note:\"This envets\\000 start:2020-01-01T11:00:00Z finish:2020-01-01T12:00:00Z\" ","time":"2020-03-22T19:52:46+03:00"}
{"level":"debug","msg":"Try add to storage, Event:{0 2020-01-01 11:00:00 +0000 UTC 2020-01-01 12:00:00 +0000 UTC 0 0 Event \u0000 This envets\u0000 start:2020-01-01T11:00:00Z finish:2020-01-01T12:00:00Z}","time":"2020-03-22T19:52:46+03:00"}
{"level":"info","msg":"Success add to storage, Event:{0 2020-01-01 11:00:00 +0000 UTC 2020-01-01 12:00:00 +0000 UTC 0 0 Event \u0000 This envets\u0000 start:2020-01-01T11:00:00Z finish:2020-01-01T12:00:00Z}","time":"2020-03-22T19:52:46+03:00"}
{"level":"debug","msg":"gRPC event AddEvent(): startTime:\u003cseconds:1577876400 \u003e endTime:\u003cseconds:1577880000 \u003e title:\"Event \\001\" note:\"This envets\\001 start:2020-01-01T11:00:00Z finish:2020-01-01T12:00:00Z\" ","time":"2020-03-22T19:52:46+03:00"}
{"level":"debug","msg":"Try add to storage, Event:{0 2020-01-01 11:00:00 +0000 UTC 2020-01-01 12:00:00 +0000 UTC 0 0 Event \u0001 This envets\u0001 start:2020-01-01T11:00:00Z finish:2020-01-01T12:00:00Z}","time":"2020-03-22T19:52:46+03:00"}
{"level":"info","msg":"Success add to storage, Event:{0 2020-01-01 11:00:00 +0000 UTC 2020-01-01 12:00:00 +0000 UTC 0 0 Event \u0001 This envets\u0001 start:2020-01-01T11:00:00Z finish:2020-01-01T12:00:00Z}","time":"2020-03-22T19:52:46+03:00"}
{"level":"debug","msg":"gRPC event AddEvent(): startTime:\u003cseconds:1577876400 \u003e endTime:\u003cseconds:1577880000 \u003e title:\"Event \\002\" note:\"This envets\\002 start:2020-01-01T11:00:00Z finish:2020-01-01T12:00:00Z\" ","time":"2020-03-22T19:52:46+03:00"}
{"level":"debug","msg":"Try add to storage, Event:{0 2020-01-01 11:00:00 +0000 UTC 2020-01-01 12:00:00 +0000 UTC 0 0 Event \u0002 This envets\u0002 start:2020-01-01T11:00:00Z finish:2020-01-01T12:00:00Z}","time":"2020-03-22T19:52:46+03:00"}
{"level":"info","msg":"Success add to storage, Event:{0 2020-01-01 11:00:00 +0000 UTC 2020-01-01 12:00:00 +0000 UTC 0 0 Event \u0002 This envets\u0002 start:2020-01-01T11:00:00Z finish:2020-01-01T12:00:00Z}","time":"2020-03-22T19:52:46+03:00"}
{"level":"debug","msg":"gRPC event AddEvent(): startTime:\u003cseconds:1577876400 \u003e endTime:\u003cseconds:1577880000 \u003e title:\"Event \\003\" note:\"This envets\\003 start:2020-01-01T11:00:00Z finish:2020-01-01T12:00:00Z\" ","time":"2020-03-22T19:52:46+03:00"}
{"level":"debug","msg":"Try add to storage, Event:{0 2020-01-01 11:00:00 +0000 UTC 2020-01-01 12:00:00 +0000 UTC 0 0 Event \u0003 This envets\u0003 start:2020-01-01T11:00:00Z finish:2020-01-01T12:00:00Z}","time":"2020-03-22T19:52:46+03:00"}
{"level":"info","msg":"Success add to storage, Event:{0 2020-01-01 11:00:00 +0000 UTC 2020-01-01 12:00:00 +0000 UTC 0 0 Event \u0003 This envets\u0003 start:2020-01-01T11:00:00Z finish:2020-01-01T12:00:00Z}","time":"2020-03-22T19:52:46+03:00"}
{"level":"debug","msg":"gRPC event AddEvent(): startTime:\u003cseconds:1577876400 \u003e endTime:\u003cseconds:1577880000 \u003e title:\"Event \\004\" note:\"This envets\\004 start:2020-01-01T11:00:00Z finish:2020-01-01T12:00:00Z\" ","time":"2020-03-22T19:52:46+03:00"}
{"level":"debug","msg":"Try add to storage, Event:{0 2020-01-01 11:00:00 +0000 UTC 2020-01-01 12:00:00 +0000 UTC 0 0 Event \u0004 This envets\u0004 start:2020-01-01T11:00:00Z finish:2020-01-01T12:00:00Z}","time":"2020-03-22T19:52:46+03:00"}
{"level":"info","msg":"Success add to storage, Event:{0 2020-01-01 11:00:00 +0000 UTC 2020-01-01 12:00:00 +0000 UTC 0 0 Event \u0004 This envets\u0004 start:2020-01-01T11:00:00Z finish:2020-01-01T12:00:00Z}","time":"2020-03-22T19:52:46+03:00"}
{"level":"debug","msg":"gRPC event AddEvent(): startTime:\u003cseconds:1577876400 \u003e endTime:\u003cseconds:1577880000 \u003e title:\"Event \\005\" note:\"This envets\\005 start:2020-01-01T11:00:00Z finish:2020-01-01T12:00:00Z\" ","time":"2020-03-22T19:52:46+03:00"}
{"level":"debug","msg":"Try add to storage, Event:{0 2020-01-01 11:00:00 +0000 UTC 2020-01-01 12:00:00 +0000 UTC 0 0 Event \u0005 This envets\u0005 start:2020-01-01T11:00:00Z finish:2020-01-01T12:00:00Z}","time":"2020-03-22T19:52:46+03:00"}
{"level":"info","msg":"Success add to storage, Event:{0 2020-01-01 11:00:00 +0000 UTC 2020-01-01 12:00:00 +0000 UTC 0 0 Event \u0005 This envets\u0005 start:2020-01-01T11:00:00Z finish:2020-01-01T12:00:00Z}","time":"2020-03-22T19:52:46+03:00"}
{"level":"debug","msg":"gRPC event AddEvent(): startTime:\u003cseconds:1577876400 \u003e endTime:\u003cseconds:1577880000 \u003e title:\"Event \\006\" note:\"This envets\\006 start:2020-01-01T11:00:00Z finish:2020-01-01T12:00:00Z\" ","time":"2020-03-22T19:52:46+03:00"}
{"level":"debug","msg":"Try add to storage, Event:{0 2020-01-01 11:00:00 +0000 UTC 2020-01-01 12:00:00 +0000 UTC 0 0 Event \u0006 This envets\u0006 start:2020-01-01T11:00:00Z finish:2020-01-01T12:00:00Z}","time":"2020-03-22T19:52:46+03:00"}
{"level":"info","msg":"Success add to storage, Event:{0 2020-01-01 11:00:00 +0000 UTC 2020-01-01 12:00:00 +0000 UTC 0 0 Event \u0006 This envets\u0006 start:2020-01-01T11:00:00Z finish:2020-01-01T12:00:00Z}","time":"2020-03-22T19:52:46+03:00"}
{"level":"debug","msg":"gRPC event AddEvent(): startTime:\u003cseconds:1577876400 \u003e endTime:\u003cseconds:1577880000 \u003e title:\"Event \\007\" note:\"This envets\\007 start:2020-01-01T11:00:00Z finish:2020-01-01T12:00:00Z\" ","time":"2020-03-22T19:52:46+03:00"}
{"level":"debug","msg":"Try add to storage, Event:{0 2020-01-01 11:00:00 +0000 UTC 2020-01-01 12:00:00 +0000 UTC 0 0 Event \u0007 This envets\u0007 start:2020-01-01T11:00:00Z finish:2020-01-01T12:00:00Z}","time":"2020-03-22T19:52:46+03:00"}
{"level":"info","msg":"Success add to storage, Event:{0 2020-01-01 11:00:00 +0000 UTC 2020-01-01 12:00:00 +0000 UTC 0 0 Event \u0007 This envets\u0007 start:2020-01-01T11:00:00Z finish:2020-01-01T12:00:00Z}","time":"2020-03-22T19:52:46+03:00"}
{"level":"debug","msg":"gRPC event AddEvent(): startTime:\u003cseconds:1577876400 \u003e endTime:\u003cseconds:1577880000 \u003e title:\"Event \\010\" note:\"This envets\\010 start:2020-01-01T11:00:00Z finish:2020-01-01T12:00:00Z\" ","time":"2020-03-22T19:52:46+03:00"}
{"level":"debug","msg":"Try add to storage, Event:{0 2020-01-01 11:00:00 +0000 UTC 2020-01-01 12:00:00 +0000 UTC 0 0 Event \u0008 This envets\u0008 start:2020-01-01T11:00:00Z finish:2020-01-01T12:00:00Z}","time":"2020-03-22T19:52:46+03:00"}
{"level":"info","msg":"Success add to storage, Event:{0 2020-01-01 11:00:00 +0000 UTC 2020-01-01 12:00:00 +0000 UTC 0 0 Event \u0008 This envets\u0008 start:2020-01-01T11:00:00Z finish:2020-01-01T12:00:00Z}","time":"2020-03-22T19:52:46+03:00"}
{"level":"debug","msg":"gRPC event AddEvent(): startTime:\u003cseconds:1577876400 \u003e endTime:\u003cseconds:1577880000 \u003e title:\"Event \\t\" note:\"This envets\\t start:2020-01-01T11:00:00Z finish:2020-01-01T12:00:00Z\" ","time":"2020-03-22T19:52:46+03:00"}
{"level":"debug","msg":"Try add to storage, Event:{0 2020-01-01 11:00:00 +0000 UTC 2020-01-01 12:00:00 +0000 UTC 0 0 Event \t This envets\t start:2020-01-01T11:00:00Z finish:2020-01-01T12:00:00Z}","time":"2020-03-22T19:52:46+03:00"}
{"level":"info","msg":"Success add to storage, Event:{0 2020-01-01 11:00:00 +0000 UTC 2020-01-01 12:00:00 +0000 UTC 0 0 Event \t This envets\t start:2020-01-01T11:00:00Z finish:2020-01-01T12:00:00Z}","time":"2020-03-22T19:52:46+03:00"}
{"level":"debug","msg":"gRPC event GetAllEvents()","time":"2020-03-22T19:52:46+03:00"}
{"level":"debug","msg":"Try get all Events form storage","time":"2020-03-22T19:52:46+03:00"}
{"level":"info","msg":"Success get from storage Events10","time":"2020-03-22T19:52:46+03:00"}
{"level":"debug","msg":"gRPC  event CountRecord()","time":"2020-03-22T19:52:46+03:00"}
{"level":"info","msg":"Count events = 10","time":"2020-03-22T19:52:46+03:00"}
{"level":"debug","msg":"gRPC  event DeleteEvent() id:","time":"2020-03-22T19:52:46+03:00"}
{"level":"debug","msg":"Try del form storage Event, with Id:0","time":"2020-03-22T19:52:46+03:00"}
{"level":"info","msg":"Success del from storage Event, with Id:0","time":"2020-03-22T19:52:46+03:00"}
{"level":"debug","msg":"gRPC  event DeleteEvent() id:id:7 ","time":"2020-03-22T19:52:46+03:00"}
{"level":"debug","msg":"Try del form storage Event, with Id:7","time":"2020-03-22T19:52:46+03:00"}
{"level":"info","msg":"Success del from storage Event, with Id:7","time":"2020-03-22T19:52:46+03:00"}
{"level":"debug","msg":"gRPC  event DeleteEvent() id:id:8 ","time":"2020-03-22T19:52:46+03:00"}
{"level":"debug","msg":"Try del form storage Event, with Id:8","time":"2020-03-22T19:52:46+03:00"}
{"level":"info","msg":"Success del from storage Event, with Id:8","time":"2020-03-22T19:52:46+03:00"}
{"level":"debug","msg":"gRPC  event DeleteEvent() id:id:3 ","time":"2020-03-22T19:52:46+03:00"}
{"level":"debug","msg":"Try del form storage Event, with Id:3","time":"2020-03-22T19:52:46+03:00"}
{"level":"info","msg":"Success del from storage Event, with Id:3","time":"2020-03-22T19:52:46+03:00"}
{"level":"debug","msg":"gRPC  event DeleteEvent() id:id:9 ","time":"2020-03-22T19:52:46+03:00"}
{"level":"debug","msg":"Try del form storage Event, with Id:9","time":"2020-03-22T19:52:46+03:00"}
{"level":"info","msg":"Success del from storage Event, with Id:9","time":"2020-03-22T19:52:46+03:00"}
{"level":"debug","msg":"gRPC  event DeleteEvent() id:id:2 ","time":"2020-03-22T19:52:46+03:00"}
{"level":"debug","msg":"Try del form storage Event, with Id:2","time":"2020-03-22T19:52:46+03:00"}
{"level":"info","msg":"Success del from storage Event, with Id:2","time":"2020-03-22T19:52:46+03:00"}
{"level":"debug","msg":"gRPC  event DeleteEvent() id:id:6 ","time":"2020-03-22T19:52:46+03:00"}
{"level":"debug","msg":"Try del form storage Event, with Id:6","time":"2020-03-22T19:52:46+03:00"}
{"level":"info","msg":"Success del from storage Event, with Id:6","time":"2020-03-22T19:52:46+03:00"}
{"level":"debug","msg":"gRPC  event DeleteEvent() id:id:1 ","time":"2020-03-22T19:52:46+03:00"}
{"level":"debug","msg":"Try del form storage Event, with Id:1","time":"2020-03-22T19:52:46+03:00"}
{"level":"info","msg":"Success del from storage Event, with Id:1","time":"2020-03-22T19:52:46+03:00"}
{"level":"debug","msg":"gRPC  event DeleteEvent() id:id:4 ","time":"2020-03-22T19:52:46+03:00"}
{"level":"debug","msg":"Try del form storage Event, with Id:4","time":"2020-03-22T19:52:46+03:00"}
{"level":"info","msg":"Success del from storage Event, with Id:4","time":"2020-03-22T19:52:46+03:00"}
{"level":"debug","msg":"gRPC  event DeleteEvent() id:id:5 ","time":"2020-03-22T19:52:46+03:00"}
{"level":"debug","msg":"Try del form storage Event, with Id:5","time":"2020-03-22T19:52:46+03:00"}
{"level":"info","msg":"Success del from storage Event, with Id:5","time":"2020-03-22T19:52:46+03:00"}
{"level":"debug","msg":"gRPC  event CountRecord()","time":"2020-03-22T19:52:46+03:00"}
{"level":"info","msg":"Count events = 0","time":"2020-03-22T19:52:46+03:00"}
{"level":"info","msg":"Got signal: interrupt. Exit.","time":"2020-03-22T19:53:12+03:00"}
{"level":"info","msg":"grps server shutdown ...","time":"2020-03-22T19:53:12+03:00"}
